<?xml version="1.0" encoding="UTF-8"?>
<!-- Generated by org.testng.reporters.JUnitReportReporter -->
<testsuite hostname="SarthakDell" failures="0" tests="5" name="jenkins_execution_check.Register" time="30.067" errors="0" timestamp="2024-02-28T19:40:19 EST" skipped="0">
  <testcase classname="jenkins_execution_check.Register" name="verifyRegisterWithNoDetails" time="5.704"/>
  <testcase classname="jenkins_execution_check.Register" name="verifyRegisterWithMandatoryDetails" time="6.102"/>
  <testcase classname="jenkins_execution_check.Register" name="verifyRegisterWithAllDetails" time="6.096"/>
  <testcase classname="jenkins_execution_check.Register" name="verifyRegisterWithExistingEmail" time="5.815"/>
  <testcase classname="jenkins_execution_check.Register" name="verifyRegisterWithWrongConfirmPassword" time="6.350"/>
</testsuite> <!-- jenkins_execution_check.Register -->
