<?xml version="1.0" encoding="UTF-8"?>
<!-- Generated by org.testng.reporters.JUnitReportReporter -->
<testsuite hostname="SarthakDell" failures="0" tests="5" name="jenkins_execution_check.Login" time="29.909" errors="0" timestamp="2024-02-28T19:40:19 EST" skipped="0">
  <testcase classname="jenkins_execution_check.Login" name="verifyLoginWithValidCredentials" time="6.147"/>
  <testcase classname="jenkins_execution_check.Login" name="verifyLoginWithInvalidCredentials" time="6.740"/>
  <testcase classname="jenkins_execution_check.Login" name="verifyLoginWithValidEmailInvalidPassword" time="5.818"/>
  <testcase classname="jenkins_execution_check.Login" name="verifyLoginWithInvalidEmailValidPassword" time="5.759"/>
  <testcase classname="jenkins_execution_check.Login" name="verifyLoginWithNoCredentials" time="5.445"/>
</testsuite> <!-- jenkins_execution_check.Login -->
